<?xml version="1.0" encoding="UTF-8"?>
<!-- Generated by org.testng.reporters.JUnitReportReporter -->
<testsuite hostname="LAPTOP-RTEA0VDS" failures="0" tests="1" name="testCases.TC001_AccountRegistrationTest" time="16.084" errors="0" timestamp="2024-09-11T15:45:36 IST" skipped="0">
  <testcase classname="testCases.TC001_AccountRegistrationTest" name="verify_account_registration" time="16.084"/>
</testsuite> <!-- testCases.TC001_AccountRegistrationTest -->
