<?xml version="1.0" encoding="UTF-8"?>
<!-- Generated by org.testng.reporters.JUnitReportReporter -->
<testsuite hostname="LAPTOP-RTEA0VDS" failures="0" tests="1" name="testCases.TC002_LoginTest" time="10.501" errors="0" timestamp="2024-09-11T15:45:36 IST" skipped="0">
  <testcase classname="testCases.TC002_LoginTest" name="verify_login" time="10.501"/>
</testsuite> <!-- testCases.TC002_LoginTest -->
